{"/Users/paul/Learning/Node/vidly-express/app.js": {"path":"/Users/paul/Learning/Node/vidly-express/app.js","statementMap":{"0":{"start":{"line":5,"column":16},"end":{"line":5,"column":34}},"1":{"start":{"line":6,"column":15},"end":{"line":6,"column":46}},"2":{"start":{"line":8,"column":12},"end":{"line":8,"column":21}},"3":{"start":{"line":9,"column":0},"end":{"line":9,"column":31}},"4":{"start":{"line":10,"column":0},"end":{"line":10,"column":28}},"5":{"start":{"line":11,"column":0},"end":{"line":11,"column":27}},"6":{"start":{"line":12,"column":0},"end":{"line":12,"column":34}},"7":{"start":{"line":15,"column":13},"end":{"line":15,"column":37}},"8":{"start":{"line":16,"column":15},"end":{"line":16,"column":79}},"9":{"start":{"line":16,"column":38},"end":{"line":16,"column":78}},"10":{"start":{"line":18,"column":0},"end":{"line":18,"column":24}}},"fnMap":{"0":{"name":"(anonymous_0)","decl":{"start":{"line":16,"column":32},"end":{"line":16,"column":33}},"loc":{"start":{"line":16,"column":38},"end":{"line":16,"column":78}},"line":16}},"branchMap":{"0":{"loc":{"start":{"line":15,"column":13},"end":{"line":15,"column":37}},"type":"binary-expr","locations":[{"start":{"line":15,"column":13},"end":{"line":15,"column":29}},{"start":{"line":15,"column":33},"end":{"line":15,"column":37}}],"line":15}},"s":{"0":2,"1":2,"2":2,"3":2,"4":2,"5":2,"6":2,"7":2,"8":2,"9":2,"10":2},"f":{"0":2},"b":{"0":[2,2]},"_coverageSchema":"1a1c01bbd47fc00a2c39e90264f33305004495a9","hash":"19a3284717e6e7bf7c511797dfdf870199af4240"}
,"/Users/paul/Learning/Node/vidly-express/middleware/admin.js": {"path":"/Users/paul/Learning/Node/vidly-express/middleware/admin.js","statementMap":{"0":{"start":{"line":3,"column":0},"end":{"line":9,"column":2}},"1":{"start":{"line":6,"column":2},"end":{"line":6,"column":70}},"2":{"start":{"line":6,"column":25},"end":{"line":6,"column":70}},"3":{"start":{"line":8,"column":2},"end":{"line":8,"column":9}}},"fnMap":{"0":{"name":"(anonymous_0)","decl":{"start":{"line":3,"column":17},"end":{"line":3,"column":18}},"loc":{"start":{"line":3,"column":43},"end":{"line":9,"column":1}},"line":3}},"branchMap":{"0":{"loc":{"start":{"line":6,"column":2},"end":{"line":6,"column":70}},"type":"if","locations":[{"start":{"line":6,"column":2},"end":{"line":6,"column":70}},{"start":{},"end":{}}],"line":6}},"s":{"0":2,"1":7,"2":2,"3":5},"f":{"0":7},"b":{"0":[2,5]},"_coverageSchema":"1a1c01bbd47fc00a2c39e90264f33305004495a9","hash":"e275279ce8a29bb31f1058004b4fb098ebf01d34"}
,"/Users/paul/Learning/Node/vidly-express/middleware/auth.js": {"path":"/Users/paul/Learning/Node/vidly-express/middleware/auth.js","statementMap":{"0":{"start":{"line":3,"column":12},"end":{"line":3,"column":35}},"1":{"start":{"line":4,"column":15},"end":{"line":4,"column":32}},"2":{"start":{"line":6,"column":0},"end":{"line":17,"column":2}},"3":{"start":{"line":7,"column":16},"end":{"line":7,"column":42}},"4":{"start":{"line":8,"column":2},"end":{"line":8,"column":79}},"5":{"start":{"line":8,"column":14},"end":{"line":8,"column":79}},"6":{"start":{"line":10,"column":2},"end":{"line":16,"column":3}},"7":{"start":{"line":11,"column":20},"end":{"line":11,"column":66}},"8":{"start":{"line":12,"column":4},"end":{"line":12,"column":23}},"9":{"start":{"line":13,"column":4},"end":{"line":13,"column":11}},"10":{"start":{"line":15,"column":4},"end":{"line":15,"column":43}}},"fnMap":{"0":{"name":"(anonymous_0)","decl":{"start":{"line":6,"column":17},"end":{"line":6,"column":18}},"loc":{"start":{"line":6,"column":43},"end":{"line":17,"column":1}},"line":6}},"branchMap":{"0":{"loc":{"start":{"line":8,"column":2},"end":{"line":8,"column":79}},"type":"if","locations":[{"start":{"line":8,"column":2},"end":{"line":8,"column":79}},{"start":{},"end":{}}],"line":8}},"s":{"0":3,"1":3,"2":3,"3":17,"4":17,"5":4,"6":13,"7":13,"8":12,"9":12,"10":1},"f":{"0":17},"b":{"0":[4,13]},"_coverageSchema":"1a1c01bbd47fc00a2c39e90264f33305004495a9","hash":"2d145b3c16e7e443861b65c06c47e440d4c5b149"}
,"/Users/paul/Learning/Node/vidly-express/middleware/error.js": {"path":"/Users/paul/Learning/Node/vidly-express/middleware/error.js","statementMap":{"0":{"start":{"line":3,"column":15},"end":{"line":3,"column":35}},"1":{"start":{"line":5,"column":0},"end":{"line":12,"column":2}},"2":{"start":{"line":7,"column":2},"end":{"line":7,"column":35}},"3":{"start":{"line":11,"column":2},"end":{"line":11,"column":44}}},"fnMap":{"0":{"name":"(anonymous_0)","decl":{"start":{"line":5,"column":17},"end":{"line":5,"column":18}},"loc":{"start":{"line":5,"column":48},"end":{"line":12,"column":1}},"line":5}},"branchMap":{},"s":{"0":2,"1":2,"2":0,"3":0},"f":{"0":0},"b":{},"_coverageSchema":"1a1c01bbd47fc00a2c39e90264f33305004495a9","hash":"9783c38c30c81999a4da6b758d9f175d04291e43"}
,"/Users/paul/Learning/Node/vidly-express/middleware/validateObjectId.js": {"path":"/Users/paul/Learning/Node/vidly-express/middleware/validateObjectId.js","statementMap":{"0":{"start":{"line":2,"column":17},"end":{"line":2,"column":36}},"1":{"start":{"line":4,"column":0},"end":{"line":10,"column":2}},"2":{"start":{"line":6,"column":20},"end":{"line":6,"column":66}},"3":{"start":{"line":7,"column":2},"end":{"line":7,"column":65}},"4":{"start":{"line":7,"column":18},"end":{"line":7,"column":65}},"5":{"start":{"line":9,"column":2},"end":{"line":9,"column":9}}},"fnMap":{"0":{"name":"(anonymous_0)","decl":{"start":{"line":4,"column":17},"end":{"line":4,"column":18}},"loc":{"start":{"line":4,"column":37},"end":{"line":10,"column":1}},"line":4}},"branchMap":{"0":{"loc":{"start":{"line":7,"column":2},"end":{"line":7,"column":65}},"type":"if","locations":[{"start":{"line":7,"column":2},"end":{"line":7,"column":65}},{"start":{},"end":{}}],"line":7}},"s":{"0":2,"1":2,"2":7,"3":7,"4":1,"5":6},"f":{"0":7},"b":{"0":[1,6]},"_coverageSchema":"1a1c01bbd47fc00a2c39e90264f33305004495a9","hash":"2c29595b0d59ab7b6870e21971559ffeb89ade90"}
,"/Users/paul/Learning/Node/vidly-express/middleware/winston.js": {"path":"/Users/paul/Learning/Node/vidly-express/middleware/winston.js","statementMap":{"0":{"start":{"line":3,"column":16},"end":{"line":3,"column":34}},"1":{"start":{"line":4,"column":51},"end":{"line":4,"column":65}},"2":{"start":{"line":6,"column":15},"end":{"line":13,"column":2}},"3":{"start":{"line":16,"column":0},"end":{"line":19,"column":2}},"4":{"start":{"line":22,"column":0},"end":{"line":25,"column":2}},"5":{"start":{"line":27,"column":0},"end":{"line":27,"column":24}}},"fnMap":{},"branchMap":{},"s":{"0":2,"1":2,"2":2,"3":2,"4":2,"5":2},"f":{},"b":{},"_coverageSchema":"1a1c01bbd47fc00a2c39e90264f33305004495a9","hash":"3ffbd8e6a2a67083568fd9a28d4aaa7268db599b"}
,"/Users/paul/Learning/Node/vidly-express/models/customer.js": {"path":"/Users/paul/Learning/Node/vidly-express/models/customer.js","statementMap":{"0":{"start":{"line":3,"column":12},"end":{"line":3,"column":26}},"1":{"start":{"line":4,"column":17},"end":{"line":4,"column":36}},"2":{"start":{"line":6,"column":17},"end":{"line":26,"column":1}},"3":{"start":{"line":30,"column":17},"end":{"line":34,"column":4}},"4":{"start":{"line":36,"column":2},"end":{"line":36,"column":59}},"5":{"start":{"line":39,"column":0},"end":{"line":39,"column":28}},"6":{"start":{"line":40,"column":0},"end":{"line":40,"column":37}}},"fnMap":{"0":{"name":"validateCustomers","decl":{"start":{"line":29,"column":9},"end":{"line":29,"column":26}},"loc":{"start":{"line":29,"column":37},"end":{"line":37,"column":1}},"line":29}},"branchMap":{},"s":{"0":2,"1":2,"2":2,"3":0,"4":0,"5":2,"6":2},"f":{"0":0},"b":{},"_coverageSchema":"1a1c01bbd47fc00a2c39e90264f33305004495a9","hash":"e1f79d185d6afe80efbcaf645e8e5865da1e7f2d"}
,"/Users/paul/Learning/Node/vidly-express/models/genre.js": {"path":"/Users/paul/Learning/Node/vidly-express/models/genre.js","statementMap":{"0":{"start":{"line":3,"column":12},"end":{"line":3,"column":26}},"1":{"start":{"line":4,"column":17},"end":{"line":4,"column":36}},"2":{"start":{"line":6,"column":20},"end":{"line":13,"column":2}},"3":{"start":{"line":15,"column":14},"end":{"line":15,"column":50}},"4":{"start":{"line":19,"column":17},"end":{"line":21,"column":4}},"5":{"start":{"line":23,"column":2},"end":{"line":23,"column":56}},"6":{"start":{"line":26,"column":0},"end":{"line":26,"column":22}},"7":{"start":{"line":27,"column":0},"end":{"line":27,"column":34}},"8":{"start":{"line":28,"column":0},"end":{"line":28,"column":34}}},"fnMap":{"0":{"name":"validateGenres","decl":{"start":{"line":18,"column":9},"end":{"line":18,"column":23}},"loc":{"start":{"line":18,"column":31},"end":{"line":24,"column":1}},"line":18}},"branchMap":{},"s":{"0":2,"1":2,"2":2,"3":2,"4":7,"5":7,"6":2,"7":2,"8":2},"f":{"0":7},"b":{},"_coverageSchema":"1a1c01bbd47fc00a2c39e90264f33305004495a9","hash":"4c81f11424d663050ea6b88093a50ac9114341fa"}
,"/Users/paul/Learning/Node/vidly-express/models/movie.js": {"path":"/Users/paul/Learning/Node/vidly-express/models/movie.js","statementMap":{"0":{"start":{"line":3,"column":12},"end":{"line":3,"column":26}},"1":{"start":{"line":4,"column":17},"end":{"line":4,"column":36}},"2":{"start":{"line":6,"column":24},"end":{"line":6,"column":42}},"3":{"start":{"line":8,"column":14},"end":{"line":35,"column":3}},"4":{"start":{"line":41,"column":19},"end":{"line":46,"column":6}},"5":{"start":{"line":48,"column":4},"end":{"line":48,"column":58}},"6":{"start":{"line":52,"column":19},"end":{"line":57,"column":6}},"7":{"start":{"line":58,"column":4},"end":{"line":58,"column":58}},"8":{"start":{"line":61,"column":0},"end":{"line":61,"column":22}},"9":{"start":{"line":62,"column":0},"end":{"line":62,"column":34}},"10":{"start":{"line":63,"column":0},"end":{"line":63,"column":47}}},"fnMap":{"0":{"name":"validateMovies","decl":{"start":{"line":40,"column":9},"end":{"line":40,"column":23}},"loc":{"start":{"line":40,"column":31},"end":{"line":49,"column":3}},"line":40},"1":{"name":"validateUpdatedMovies","decl":{"start":{"line":51,"column":9},"end":{"line":51,"column":30}},"loc":{"start":{"line":51,"column":38},"end":{"line":59,"column":3}},"line":51}},"branchMap":{},"s":{"0":2,"1":2,"2":2,"3":2,"4":0,"5":0,"6":0,"7":0,"8":2,"9":2,"10":2},"f":{"0":0,"1":0},"b":{},"_coverageSchema":"1a1c01bbd47fc00a2c39e90264f33305004495a9","hash":"3179f990a0b8f6ff0dba8b9e643239cb644b45f4"}
,"/Users/paul/Learning/Node/vidly-express/models/rental.js": {"path":"/Users/paul/Learning/Node/vidly-express/models/rental.js","statementMap":{"0":{"start":{"line":3,"column":12},"end":{"line":3,"column":26}},"1":{"start":{"line":4,"column":17},"end":{"line":4,"column":36}},"2":{"start":{"line":6,"column":15},"end":{"line":61,"column":1}},"3":{"start":{"line":65,"column":17},"end":{"line":68,"column":4}},"4":{"start":{"line":70,"column":2},"end":{"line":70,"column":56}},"5":{"start":{"line":73,"column":0},"end":{"line":73,"column":24}},"6":{"start":{"line":74,"column":0},"end":{"line":74,"column":35}}},"fnMap":{"0":{"name":"validateRentals","decl":{"start":{"line":64,"column":9},"end":{"line":64,"column":24}},"loc":{"start":{"line":64,"column":32},"end":{"line":71,"column":1}},"line":64}},"branchMap":{},"s":{"0":2,"1":2,"2":2,"3":0,"4":0,"5":2,"6":2},"f":{"0":0},"b":{},"_coverageSchema":"1a1c01bbd47fc00a2c39e90264f33305004495a9","hash":"60a5394032d11d78e00cff2f5281d6b87ac26b9b"}
,"/Users/paul/Learning/Node/vidly-express/models/user.js": {"path":"/Users/paul/Learning/Node/vidly-express/models/user.js","statementMap":{"0":{"start":{"line":3,"column":12},"end":{"line":3,"column":26}},"1":{"start":{"line":4,"column":17},"end":{"line":4,"column":36}},"2":{"start":{"line":5,"column":12},"end":{"line":5,"column":35}},"3":{"start":{"line":6,"column":15},"end":{"line":6,"column":32}},"4":{"start":{"line":8,"column":19},"end":{"line":32,"column":2}},"5":{"start":{"line":34,"column":0},"end":{"line":38,"column":2}},"6":{"start":{"line":36,"column":16},"end":{"line":36,"column":95}},"7":{"start":{"line":37,"column":2},"end":{"line":37,"column":15}},"8":{"start":{"line":40,"column":13},"end":{"line":40,"column":47}},"9":{"start":{"line":44,"column":17},"end":{"line":48,"column":4}},"10":{"start":{"line":50,"column":2},"end":{"line":50,"column":55}},"11":{"start":{"line":53,"column":0},"end":{"line":53,"column":20}},"12":{"start":{"line":54,"column":0},"end":{"line":54,"column":33}}},"fnMap":{"0":{"name":"(anonymous_0)","decl":{"start":{"line":34,"column":39},"end":{"line":34,"column":40}},"loc":{"start":{"line":34,"column":51},"end":{"line":38,"column":1}},"line":34},"1":{"name":"validateUsers","decl":{"start":{"line":43,"column":9},"end":{"line":43,"column":22}},"loc":{"start":{"line":43,"column":29},"end":{"line":51,"column":1}},"line":43}},"branchMap":{},"s":{"0":4,"1":4,"2":4,"3":4,"4":4,"5":4,"6":13,"7":13,"8":4,"9":0,"10":0,"11":4,"12":4},"f":{"0":13,"1":0},"b":{},"_coverageSchema":"1a1c01bbd47fc00a2c39e90264f33305004495a9","hash":"2b055ea75fa08a575df15e05e276792d0c848efe"}
,"/Users/paul/Learning/Node/vidly-express/routers/auth.js": {"path":"/Users/paul/Learning/Node/vidly-express/routers/auth.js","statementMap":{"0":{"start":{"line":3,"column":16},"end":{"line":3,"column":34}},"1":{"start":{"line":4,"column":14},"end":{"line":4,"column":30}},"2":{"start":{"line":5,"column":17},"end":{"line":5,"column":42}},"3":{"start":{"line":6,"column":10},"end":{"line":6,"column":27}},"4":{"start":{"line":7,"column":15},"end":{"line":7,"column":32}},"5":{"start":{"line":8,"column":12},"end":{"line":8,"column":26}},"6":{"start":{"line":9,"column":12},"end":{"line":9,"column":35}},"7":{"start":{"line":10,"column":15},"end":{"line":10,"column":32}},"8":{"start":{"line":13,"column":0},"end":{"line":30,"column":3}},"9":{"start":{"line":15,"column":20},"end":{"line":15,"column":38}},"10":{"start":{"line":16,"column":2},"end":{"line":16,"column":67}},"11":{"start":{"line":16,"column":13},"end":{"line":16,"column":67}},"12":{"start":{"line":19,"column":13},"end":{"line":19,"column":58}},"13":{"start":{"line":20,"column":2},"end":{"line":21,"column":75}},"14":{"start":{"line":21,"column":4},"end":{"line":21,"column":75}},"15":{"start":{"line":24,"column":24},"end":{"line":24,"column":78}},"16":{"start":{"line":25,"column":2},"end":{"line":25,"column":69}},"17":{"start":{"line":25,"column":22},"end":{"line":25,"column":69}},"18":{"start":{"line":28,"column":16},"end":{"line":28,"column":40}},"19":{"start":{"line":29,"column":2},"end":{"line":29,"column":18}},"20":{"start":{"line":33,"column":17},"end":{"line":36,"column":4}},"21":{"start":{"line":38,"column":2},"end":{"line":38,"column":54}},"22":{"start":{"line":41,"column":0},"end":{"line":41,"column":23}}},"fnMap":{"0":{"name":"(anonymous_0)","decl":{"start":{"line":13,"column":16},"end":{"line":13,"column":17}},"loc":{"start":{"line":13,"column":36},"end":{"line":30,"column":1}},"line":13},"1":{"name":"validate","decl":{"start":{"line":32,"column":9},"end":{"line":32,"column":17}},"loc":{"start":{"line":32,"column":23},"end":{"line":39,"column":1}},"line":32}},"branchMap":{"0":{"loc":{"start":{"line":16,"column":2},"end":{"line":16,"column":67}},"type":"if","locations":[{"start":{"line":16,"column":2},"end":{"line":16,"column":67}},{"start":{},"end":{}}],"line":16},"1":{"loc":{"start":{"line":20,"column":2},"end":{"line":21,"column":75}},"type":"if","locations":[{"start":{"line":20,"column":2},"end":{"line":21,"column":75}},{"start":{},"end":{}}],"line":20},"2":{"loc":{"start":{"line":25,"column":2},"end":{"line":25,"column":69}},"type":"if","locations":[{"start":{"line":25,"column":2},"end":{"line":25,"column":69}},{"start":{},"end":{}}],"line":25}},"s":{"0":2,"1":2,"2":2,"3":2,"4":2,"5":2,"6":2,"7":2,"8":2,"9":0,"10":0,"11":0,"12":0,"13":0,"14":0,"15":0,"16":0,"17":0,"18":0,"19":0,"20":0,"21":0,"22":2},"f":{"0":0,"1":0},"b":{"0":[0,0],"1":[0,0],"2":[0,0]},"_coverageSchema":"1a1c01bbd47fc00a2c39e90264f33305004495a9","hash":"400059db0e4b4d4c5aca5f74f4660520bb6efa45"}
,"/Users/paul/Learning/Node/vidly-express/routers/customers.js": {"path":"/Users/paul/Learning/Node/vidly-express/routers/customers.js","statementMap":{"0":{"start":{"line":3,"column":16},"end":{"line":3,"column":34}},"1":{"start":{"line":4,"column":14},"end":{"line":4,"column":30}},"2":{"start":{"line":5,"column":17},"end":{"line":5,"column":36}},"3":{"start":{"line":6,"column":14},"end":{"line":6,"column":44}},"4":{"start":{"line":7,"column":13},"end":{"line":7,"column":42}},"5":{"start":{"line":8,"column":31},"end":{"line":8,"column":60}},"6":{"start":{"line":12,"column":0},"end":{"line":16,"column":3}},"7":{"start":{"line":13,"column":2},"end":{"line":15,"column":40}},"8":{"start":{"line":15,"column":22},"end":{"line":15,"column":38}},"9":{"start":{"line":19,"column":0},"end":{"line":21,"column":3}},"10":{"start":{"line":20,"column":2},"end":{"line":20,"column":75}},"11":{"start":{"line":20,"column":57},"end":{"line":20,"column":73}},"12":{"start":{"line":24,"column":0},"end":{"line":36,"column":3}},"13":{"start":{"line":26,"column":20},"end":{"line":26,"column":38}},"14":{"start":{"line":27,"column":2},"end":{"line":27,"column":67}},"15":{"start":{"line":27,"column":13},"end":{"line":27,"column":67}},"16":{"start":{"line":29,"column":19},"end":{"line":33,"column":4}},"17":{"start":{"line":35,"column":2},"end":{"line":35,"column":53}},"18":{"start":{"line":35,"column":35},"end":{"line":35,"column":51}},"19":{"start":{"line":39,"column":0},"end":{"line":62,"column":3}},"20":{"start":{"line":41,"column":20},"end":{"line":41,"column":66}},"21":{"start":{"line":42,"column":2},"end":{"line":42,"column":65}},"22":{"start":{"line":42,"column":18},"end":{"line":42,"column":65}},"23":{"start":{"line":48,"column":19},"end":{"line":48,"column":57}},"24":{"start":{"line":50,"column":2},"end":{"line":50,"column":89}},"25":{"start":{"line":50,"column":17},"end":{"line":50,"column":89}},"26":{"start":{"line":53,"column":2},"end":{"line":57,"column":5}},"27":{"start":{"line":59,"column":17},"end":{"line":59,"column":38}},"28":{"start":{"line":61,"column":2},"end":{"line":61,"column":19}},"29":{"start":{"line":65,"column":0},"end":{"line":78,"column":3}},"30":{"start":{"line":67,"column":20},"end":{"line":67,"column":66}},"31":{"start":{"line":68,"column":2},"end":{"line":68,"column":65}},"32":{"start":{"line":68,"column":18},"end":{"line":68,"column":65}},"33":{"start":{"line":71,"column":19},"end":{"line":71,"column":66}},"34":{"start":{"line":74,"column":2},"end":{"line":75,"column":76}},"35":{"start":{"line":75,"column":4},"end":{"line":75,"column":76}},"36":{"start":{"line":77,"column":2},"end":{"line":77,"column":21}},"37":{"start":{"line":82,"column":0},"end":{"line":82,"column":23}}},"fnMap":{"0":{"name":"(anonymous_0)","decl":{"start":{"line":12,"column":15},"end":{"line":12,"column":16}},"loc":{"start":{"line":12,"column":29},"end":{"line":16,"column":1}},"line":12},"1":{"name":"(anonymous_1)","decl":{"start":{"line":15,"column":10},"end":{"line":15,"column":11}},"loc":{"start":{"line":15,"column":22},"end":{"line":15,"column":38}},"line":15},"2":{"name":"(anonymous_2)","decl":{"start":{"line":19,"column":18},"end":{"line":19,"column":19}},"loc":{"start":{"line":19,"column":32},"end":{"line":21,"column":1}},"line":19},"3":{"name":"(anonymous_3)","decl":{"start":{"line":20,"column":45},"end":{"line":20,"column":46}},"loc":{"start":{"line":20,"column":57},"end":{"line":20,"column":73}},"line":20},"4":{"name":"(anonymous_4)","decl":{"start":{"line":24,"column":22},"end":{"line":24,"column":23}},"loc":{"start":{"line":24,"column":36},"end":{"line":36,"column":1}},"line":24},"5":{"name":"(anonymous_5)","decl":{"start":{"line":35,"column":23},"end":{"line":35,"column":24}},"loc":{"start":{"line":35,"column":35},"end":{"line":35,"column":51}},"line":35},"6":{"name":"(anonymous_6)","decl":{"start":{"line":39,"column":33},"end":{"line":39,"column":34}},"loc":{"start":{"line":39,"column":53},"end":{"line":62,"column":1}},"line":39},"7":{"name":"(anonymous_7)","decl":{"start":{"line":65,"column":35},"end":{"line":65,"column":36}},"loc":{"start":{"line":65,"column":55},"end":{"line":78,"column":1}},"line":65}},"branchMap":{"0":{"loc":{"start":{"line":27,"column":2},"end":{"line":27,"column":67}},"type":"if","locations":[{"start":{"line":27,"column":2},"end":{"line":27,"column":67}},{"start":{},"end":{}}],"line":27},"1":{"loc":{"start":{"line":42,"column":2},"end":{"line":42,"column":65}},"type":"if","locations":[{"start":{"line":42,"column":2},"end":{"line":42,"column":65}},{"start":{},"end":{}}],"line":42},"2":{"loc":{"start":{"line":50,"column":2},"end":{"line":50,"column":89}},"type":"if","locations":[{"start":{"line":50,"column":2},"end":{"line":50,"column":89}},{"start":{},"end":{}}],"line":50},"3":{"loc":{"start":{"line":54,"column":10},"end":{"line":54,"column":55}},"type":"cond-expr","locations":[{"start":{"line":54,"column":26},"end":{"line":54,"column":39}},{"start":{"line":54,"column":42},"end":{"line":54,"column":55}}],"line":54},"4":{"loc":{"start":{"line":55,"column":12},"end":{"line":55,"column":63}},"type":"cond-expr","locations":[{"start":{"line":55,"column":30},"end":{"line":55,"column":45}},{"start":{"line":55,"column":48},"end":{"line":55,"column":63}}],"line":55},"5":{"loc":{"start":{"line":56,"column":11},"end":{"line":56,"column":59}},"type":"cond-expr","locations":[{"start":{"line":56,"column":28},"end":{"line":56,"column":42}},{"start":{"line":56,"column":45},"end":{"line":56,"column":59}}],"line":56},"6":{"loc":{"start":{"line":68,"column":2},"end":{"line":68,"column":65}},"type":"if","locations":[{"start":{"line":68,"column":2},"end":{"line":68,"column":65}},{"start":{},"end":{}}],"line":68},"7":{"loc":{"start":{"line":74,"column":2},"end":{"line":75,"column":76}},"type":"if","locations":[{"start":{"line":74,"column":2},"end":{"line":75,"column":76}},{"start":{},"end":{}}],"line":74}},"s":{"0":2,"1":2,"2":2,"3":2,"4":2,"5":2,"6":2,"7":0,"8":0,"9":2,"10":0,"11":0,"12":2,"13":0,"14":0,"15":0,"16":0,"17":0,"18":0,"19":2,"20":0,"21":0,"22":0,"23":0,"24":0,"25":0,"26":0,"27":0,"28":0,"29":2,"30":0,"31":0,"32":0,"33":0,"34":0,"35":0,"36":0,"37":2},"f":{"0":0,"1":0,"2":0,"3":0,"4":0,"5":0,"6":0,"7":0},"b":{"0":[0,0],"1":[0,0],"2":[0,0],"3":[0,0],"4":[0,0],"5":[0,0],"6":[0,0],"7":[0,0]},"_coverageSchema":"1a1c01bbd47fc00a2c39e90264f33305004495a9","hash":"78e555241720e2d1f05620440ae71432aff645c6"}
,"/Users/paul/Learning/Node/vidly-express/routers/genres.js": {"path":"/Users/paul/Learning/Node/vidly-express/routers/genres.js","statementMap":{"0":{"start":{"line":3,"column":16},"end":{"line":3,"column":34}},"1":{"start":{"line":4,"column":14},"end":{"line":4,"column":30}},"2":{"start":{"line":5,"column":17},"end":{"line":5,"column":36}},"3":{"start":{"line":6,"column":28},"end":{"line":6,"column":54}},"4":{"start":{"line":7,"column":13},"end":{"line":7,"column":42}},"5":{"start":{"line":8,"column":14},"end":{"line":8,"column":44}},"6":{"start":{"line":9,"column":25},"end":{"line":9,"column":66}},"7":{"start":{"line":12,"column":0},"end":{"line":16,"column":3}},"8":{"start":{"line":13,"column":2},"end":{"line":15,"column":40}},"9":{"start":{"line":15,"column":22},"end":{"line":15,"column":38}},"10":{"start":{"line":19,"column":0},"end":{"line":21,"column":3}},"11":{"start":{"line":20,"column":2},"end":{"line":20,"column":72}},"12":{"start":{"line":20,"column":54},"end":{"line":20,"column":70}},"13":{"start":{"line":24,"column":0},"end":{"line":34,"column":3}},"14":{"start":{"line":26,"column":20},"end":{"line":26,"column":38}},"15":{"start":{"line":27,"column":2},"end":{"line":27,"column":67}},"16":{"start":{"line":27,"column":13},"end":{"line":27,"column":67}},"17":{"start":{"line":29,"column":16},"end":{"line":31,"column":4}},"18":{"start":{"line":33,"column":2},"end":{"line":33,"column":50}},"19":{"start":{"line":33,"column":32},"end":{"line":33,"column":48}},"20":{"start":{"line":37,"column":0},"end":{"line":54,"column":3}},"21":{"start":{"line":39,"column":20},"end":{"line":39,"column":38}},"22":{"start":{"line":40,"column":2},"end":{"line":40,"column":67}},"23":{"start":{"line":40,"column":13},"end":{"line":40,"column":67}},"24":{"start":{"line":43,"column":16},"end":{"line":49,"column":3}},"25":{"start":{"line":51,"column":2},"end":{"line":51,"column":61}},"26":{"start":{"line":51,"column":14},"end":{"line":51,"column":61}},"27":{"start":{"line":53,"column":2},"end":{"line":53,"column":18}},"28":{"start":{"line":57,"column":0},"end":{"line":66,"column":3}},"29":{"start":{"line":59,"column":16},"end":{"line":59,"column":60}},"30":{"start":{"line":62,"column":2},"end":{"line":63,"column":73}},"31":{"start":{"line":63,"column":4},"end":{"line":63,"column":73}},"32":{"start":{"line":65,"column":2},"end":{"line":65,"column":18}},"33":{"start":{"line":68,"column":0},"end":{"line":68,"column":23}}},"fnMap":{"0":{"name":"(anonymous_0)","decl":{"start":{"line":12,"column":15},"end":{"line":12,"column":16}},"loc":{"start":{"line":12,"column":29},"end":{"line":16,"column":1}},"line":12},"1":{"name":"(anonymous_1)","decl":{"start":{"line":15,"column":10},"end":{"line":15,"column":11}},"loc":{"start":{"line":15,"column":22},"end":{"line":15,"column":38}},"line":15},"2":{"name":"(anonymous_2)","decl":{"start":{"line":19,"column":36},"end":{"line":19,"column":37}},"loc":{"start":{"line":19,"column":50},"end":{"line":21,"column":1}},"line":19},"3":{"name":"(anonymous_3)","decl":{"start":{"line":20,"column":42},"end":{"line":20,"column":43}},"loc":{"start":{"line":20,"column":54},"end":{"line":20,"column":70}},"line":20},"4":{"name":"(anonymous_4)","decl":{"start":{"line":24,"column":22},"end":{"line":24,"column":23}},"loc":{"start":{"line":24,"column":36},"end":{"line":34,"column":1}},"line":24},"5":{"name":"(anonymous_5)","decl":{"start":{"line":33,"column":20},"end":{"line":33,"column":21}},"loc":{"start":{"line":33,"column":32},"end":{"line":33,"column":48}},"line":33},"6":{"name":"(anonymous_6)","decl":{"start":{"line":37,"column":51},"end":{"line":37,"column":52}},"loc":{"start":{"line":37,"column":71},"end":{"line":54,"column":1}},"line":37},"7":{"name":"(anonymous_7)","decl":{"start":{"line":57,"column":54},"end":{"line":57,"column":55}},"loc":{"start":{"line":57,"column":74},"end":{"line":66,"column":1}},"line":57}},"branchMap":{"0":{"loc":{"start":{"line":27,"column":2},"end":{"line":27,"column":67}},"type":"if","locations":[{"start":{"line":27,"column":2},"end":{"line":27,"column":67}},{"start":{},"end":{}}],"line":27},"1":{"loc":{"start":{"line":40,"column":2},"end":{"line":40,"column":67}},"type":"if","locations":[{"start":{"line":40,"column":2},"end":{"line":40,"column":67}},{"start":{},"end":{}}],"line":40},"2":{"loc":{"start":{"line":51,"column":2},"end":{"line":51,"column":61}},"type":"if","locations":[{"start":{"line":51,"column":2},"end":{"line":51,"column":61}},{"start":{},"end":{}}],"line":51},"3":{"loc":{"start":{"line":62,"column":2},"end":{"line":63,"column":73}},"type":"if","locations":[{"start":{"line":62,"column":2},"end":{"line":63,"column":73}},{"start":{},"end":{}}],"line":62}},"s":{"0":2,"1":2,"2":2,"3":2,"4":2,"5":2,"6":2,"7":2,"8":1,"9":1,"10":2,"11":1,"12":1,"13":2,"14":4,"15":4,"16":2,"17":2,"18":2,"19":2,"20":2,"21":3,"22":3,"23":1,"24":2,"25":2,"26":1,"27":1,"28":2,"29":2,"30":2,"31":1,"32":1,"33":2},"f":{"0":1,"1":1,"2":1,"3":1,"4":4,"5":2,"6":3,"7":2},"b":{"0":[2,2],"1":[1,2],"2":[1,1],"3":[1,1]},"_coverageSchema":"1a1c01bbd47fc00a2c39e90264f33305004495a9","hash":"adb36339eac160ede37f41a6a4de5c39835253ae"}
,"/Users/paul/Learning/Node/vidly-express/routers/movies.js": {"path":"/Users/paul/Learning/Node/vidly-express/routers/movies.js","statementMap":{"0":{"start":{"line":3,"column":16},"end":{"line":3,"column":34}},"1":{"start":{"line":4,"column":14},"end":{"line":4,"column":30}},"2":{"start":{"line":5,"column":17},"end":{"line":5,"column":36}},"3":{"start":{"line":6,"column":44},"end":{"line":6,"column":70}},"4":{"start":{"line":7,"column":18},"end":{"line":7,"column":44}},"5":{"start":{"line":8,"column":13},"end":{"line":8,"column":42}},"6":{"start":{"line":9,"column":14},"end":{"line":9,"column":44}},"7":{"start":{"line":12,"column":0},"end":{"line":16,"column":3}},"8":{"start":{"line":13,"column":2},"end":{"line":15,"column":40}},"9":{"start":{"line":15,"column":22},"end":{"line":15,"column":38}},"10":{"start":{"line":19,"column":0},"end":{"line":21,"column":3}},"11":{"start":{"line":20,"column":2},"end":{"line":20,"column":72}},"12":{"start":{"line":20,"column":54},"end":{"line":20,"column":70}},"13":{"start":{"line":24,"column":0},"end":{"line":41,"column":3}},"14":{"start":{"line":26,"column":20},"end":{"line":26,"column":38}},"15":{"start":{"line":27,"column":2},"end":{"line":27,"column":67}},"16":{"start":{"line":27,"column":13},"end":{"line":27,"column":67}},"17":{"start":{"line":30,"column":16},"end":{"line":30,"column":54}},"18":{"start":{"line":31,"column":2},"end":{"line":31,"column":62}},"19":{"start":{"line":31,"column":14},"end":{"line":31,"column":62}},"20":{"start":{"line":33,"column":16},"end":{"line":38,"column":4}},"21":{"start":{"line":40,"column":2},"end":{"line":40,"column":50}},"22":{"start":{"line":40,"column":32},"end":{"line":40,"column":48}},"23":{"start":{"line":44,"column":0},"end":{"line":83,"column":3}},"24":{"start":{"line":46,"column":20},"end":{"line":46,"column":66}},"25":{"start":{"line":47,"column":2},"end":{"line":47,"column":65}},"26":{"start":{"line":47,"column":18},"end":{"line":47,"column":65}},"27":{"start":{"line":50,"column":20},"end":{"line":50,"column":44}},"28":{"start":{"line":51,"column":2},"end":{"line":51,"column":67}},"29":{"start":{"line":51,"column":13},"end":{"line":51,"column":67}},"30":{"start":{"line":54,"column":16},"end":{"line":54,"column":51}},"31":{"start":{"line":55,"column":2},"end":{"line":55,"column":61}},"32":{"start":{"line":55,"column":14},"end":{"line":55,"column":61}},"33":{"start":{"line":59,"column":2},"end":{"line":67,"column":3}},"34":{"start":{"line":61,"column":18},"end":{"line":61,"column":56}},"35":{"start":{"line":62,"column":4},"end":{"line":62,"column":64}},"36":{"start":{"line":62,"column":16},"end":{"line":62,"column":64}},"37":{"start":{"line":64,"column":4},"end":{"line":66,"column":6}},"38":{"start":{"line":70,"column":2},"end":{"line":78,"column":5}},"39":{"start":{"line":80,"column":17},"end":{"line":80,"column":35}},"40":{"start":{"line":82,"column":2},"end":{"line":82,"column":19}},"41":{"start":{"line":86,"column":0},"end":{"line":99,"column":3}},"42":{"start":{"line":88,"column":20},"end":{"line":88,"column":66}},"43":{"start":{"line":89,"column":2},"end":{"line":89,"column":65}},"44":{"start":{"line":89,"column":18},"end":{"line":89,"column":65}},"45":{"start":{"line":92,"column":16},"end":{"line":92,"column":60}},"46":{"start":{"line":95,"column":2},"end":{"line":96,"column":73}},"47":{"start":{"line":96,"column":4},"end":{"line":96,"column":73}},"48":{"start":{"line":98,"column":2},"end":{"line":98,"column":18}},"49":{"start":{"line":101,"column":0},"end":{"line":101,"column":23}}},"fnMap":{"0":{"name":"(anonymous_0)","decl":{"start":{"line":12,"column":15},"end":{"line":12,"column":16}},"loc":{"start":{"line":12,"column":29},"end":{"line":16,"column":1}},"line":12},"1":{"name":"(anonymous_1)","decl":{"start":{"line":15,"column":10},"end":{"line":15,"column":11}},"loc":{"start":{"line":15,"column":22},"end":{"line":15,"column":38}},"line":15},"2":{"name":"(anonymous_2)","decl":{"start":{"line":19,"column":18},"end":{"line":19,"column":19}},"loc":{"start":{"line":19,"column":32},"end":{"line":21,"column":1}},"line":19},"3":{"name":"(anonymous_3)","decl":{"start":{"line":20,"column":42},"end":{"line":20,"column":43}},"loc":{"start":{"line":20,"column":54},"end":{"line":20,"column":70}},"line":20},"4":{"name":"(anonymous_4)","decl":{"start":{"line":24,"column":22},"end":{"line":24,"column":23}},"loc":{"start":{"line":24,"column":42},"end":{"line":41,"column":1}},"line":24},"5":{"name":"(anonymous_5)","decl":{"start":{"line":40,"column":20},"end":{"line":40,"column":21}},"loc":{"start":{"line":40,"column":32},"end":{"line":40,"column":48}},"line":40},"6":{"name":"(anonymous_6)","decl":{"start":{"line":44,"column":33},"end":{"line":44,"column":34}},"loc":{"start":{"line":44,"column":53},"end":{"line":83,"column":1}},"line":44},"7":{"name":"(anonymous_7)","decl":{"start":{"line":86,"column":36},"end":{"line":86,"column":37}},"loc":{"start":{"line":86,"column":56},"end":{"line":99,"column":1}},"line":86}},"branchMap":{"0":{"loc":{"start":{"line":27,"column":2},"end":{"line":27,"column":67}},"type":"if","locations":[{"start":{"line":27,"column":2},"end":{"line":27,"column":67}},{"start":{},"end":{}}],"line":27},"1":{"loc":{"start":{"line":31,"column":2},"end":{"line":31,"column":62}},"type":"if","locations":[{"start":{"line":31,"column":2},"end":{"line":31,"column":62}},{"start":{},"end":{}}],"line":31},"2":{"loc":{"start":{"line":47,"column":2},"end":{"line":47,"column":65}},"type":"if","locations":[{"start":{"line":47,"column":2},"end":{"line":47,"column":65}},{"start":{},"end":{}}],"line":47},"3":{"loc":{"start":{"line":51,"column":2},"end":{"line":51,"column":67}},"type":"if","locations":[{"start":{"line":51,"column":2},"end":{"line":51,"column":67}},{"start":{},"end":{}}],"line":51},"4":{"loc":{"start":{"line":55,"column":2},"end":{"line":55,"column":61}},"type":"if","locations":[{"start":{"line":55,"column":2},"end":{"line":55,"column":61}},{"start":{},"end":{}}],"line":55},"5":{"loc":{"start":{"line":59,"column":2},"end":{"line":67,"column":3}},"type":"if","locations":[{"start":{"line":59,"column":2},"end":{"line":67,"column":3}},{"start":{},"end":{}}],"line":59},"6":{"loc":{"start":{"line":59,"column":6},"end":{"line":59,"column":73}},"type":"binary-expr","locations":[{"start":{"line":59,"column":6},"end":{"line":59,"column":22}},{"start":{"line":59,"column":26},"end":{"line":59,"column":73}}],"line":59},"7":{"loc":{"start":{"line":62,"column":4},"end":{"line":62,"column":64}},"type":"if","locations":[{"start":{"line":62,"column":4},"end":{"line":62,"column":64}},{"start":{},"end":{}}],"line":62},"8":{"loc":{"start":{"line":71,"column":11},"end":{"line":71,"column":54}},"type":"cond-expr","locations":[{"start":{"line":71,"column":27},"end":{"line":71,"column":40}},{"start":{"line":71,"column":43},"end":{"line":71,"column":54}}],"line":71},"9":{"loc":{"start":{"line":72,"column":19},"end":{"line":74,"column":27}},"type":"cond-expr","locations":[{"start":{"line":73,"column":8},"end":{"line":73,"column":30}},{"start":{"line":74,"column":8},"end":{"line":74,"column":27}}],"line":72},"10":{"loc":{"start":{"line":75,"column":21},"end":{"line":77,"column":29}},"type":"cond-expr","locations":[{"start":{"line":76,"column":8},"end":{"line":76,"column":32}},{"start":{"line":77,"column":8},"end":{"line":77,"column":29}}],"line":75},"11":{"loc":{"start":{"line":89,"column":2},"end":{"line":89,"column":65}},"type":"if","locations":[{"start":{"line":89,"column":2},"end":{"line":89,"column":65}},{"start":{},"end":{}}],"line":89},"12":{"loc":{"start":{"line":95,"column":2},"end":{"line":96,"column":73}},"type":"if","locations":[{"start":{"line":95,"column":2},"end":{"line":96,"column":73}},{"start":{},"end":{}}],"line":95}},"s":{"0":2,"1":2,"2":2,"3":2,"4":2,"5":2,"6":2,"7":2,"8":0,"9":0,"10":2,"11":0,"12":0,"13":2,"14":0,"15":0,"16":0,"17":0,"18":0,"19":0,"20":0,"21":0,"22":0,"23":2,"24":0,"25":0,"26":0,"27":0,"28":0,"29":0,"30":0,"31":0,"32":0,"33":0,"34":0,"35":0,"36":0,"37":0,"38":0,"39":0,"40":0,"41":2,"42":0,"43":0,"44":0,"45":0,"46":0,"47":0,"48":0,"49":2},"f":{"0":0,"1":0,"2":0,"3":0,"4":0,"5":0,"6":0,"7":0},"b":{"0":[0,0],"1":[0,0],"2":[0,0],"3":[0,0],"4":[0,0],"5":[0,0],"6":[0,0],"7":[0,0],"8":[0,0],"9":[0,0],"10":[0,0],"11":[0,0],"12":[0,0]},"_coverageSchema":"1a1c01bbd47fc00a2c39e90264f33305004495a9","hash":"b768cb745034f9c01546ed21074385f465da81a4"}
,"/Users/paul/Learning/Node/vidly-express/routers/rentals.js": {"path":"/Users/paul/Learning/Node/vidly-express/routers/rentals.js","statementMap":{"0":{"start":{"line":3,"column":16},"end":{"line":3,"column":34}},"1":{"start":{"line":4,"column":14},"end":{"line":4,"column":30}},"2":{"start":{"line":5,"column":17},"end":{"line":5,"column":36}},"3":{"start":{"line":6,"column":29},"end":{"line":6,"column":56}},"4":{"start":{"line":7,"column":21},"end":{"line":7,"column":50}},"5":{"start":{"line":8,"column":18},"end":{"line":8,"column":44}},"6":{"start":{"line":9,"column":13},"end":{"line":9,"column":42}},"7":{"start":{"line":12,"column":0},"end":{"line":16,"column":3}},"8":{"start":{"line":13,"column":2},"end":{"line":15,"column":40}},"9":{"start":{"line":15,"column":22},"end":{"line":15,"column":38}},"10":{"start":{"line":19,"column":0},"end":{"line":21,"column":3}},"11":{"start":{"line":20,"column":2},"end":{"line":20,"column":73}},"12":{"start":{"line":20,"column":55},"end":{"line":20,"column":71}},"13":{"start":{"line":24,"column":0},"end":{"line":74,"column":3}},"14":{"start":{"line":26,"column":20},"end":{"line":26,"column":38}},"15":{"start":{"line":27,"column":2},"end":{"line":27,"column":67}},"16":{"start":{"line":27,"column":13},"end":{"line":27,"column":67}},"17":{"start":{"line":30,"column":19},"end":{"line":30,"column":63}},"18":{"start":{"line":32,"column":2},"end":{"line":33,"column":76}},"19":{"start":{"line":33,"column":4},"end":{"line":33,"column":76}},"20":{"start":{"line":36,"column":16},"end":{"line":36,"column":54}},"21":{"start":{"line":38,"column":2},"end":{"line":39,"column":73}},"22":{"start":{"line":39,"column":4},"end":{"line":39,"column":73}},"23":{"start":{"line":41,"column":2},"end":{"line":42,"column":57}},"24":{"start":{"line":42,"column":4},"end":{"line":42,"column":57}},"25":{"start":{"line":45,"column":17},"end":{"line":56,"column":4}},"26":{"start":{"line":59,"column":2},"end":{"line":73,"column":3}},"27":{"start":{"line":60,"column":20},"end":{"line":60,"column":49}},"28":{"start":{"line":61,"column":4},"end":{"line":69,"column":7}},"29":{"start":{"line":62,"column":21},"end":{"line":62,"column":40}},"30":{"start":{"line":65,"column":6},"end":{"line":65,"column":28}},"31":{"start":{"line":66,"column":6},"end":{"line":66,"column":19}},"32":{"start":{"line":68,"column":6},"end":{"line":68,"column":23}},"33":{"start":{"line":70,"column":4},"end":{"line":70,"column":25}},"34":{"start":{"line":72,"column":4},"end":{"line":72,"column":79}},"35":{"start":{"line":77,"column":0},"end":{"line":77,"column":23}}},"fnMap":{"0":{"name":"(anonymous_0)","decl":{"start":{"line":12,"column":15},"end":{"line":12,"column":16}},"loc":{"start":{"line":12,"column":29},"end":{"line":16,"column":1}},"line":12},"1":{"name":"(anonymous_1)","decl":{"start":{"line":15,"column":10},"end":{"line":15,"column":11}},"loc":{"start":{"line":15,"column":22},"end":{"line":15,"column":38}},"line":15},"2":{"name":"(anonymous_2)","decl":{"start":{"line":19,"column":18},"end":{"line":19,"column":19}},"loc":{"start":{"line":19,"column":32},"end":{"line":21,"column":1}},"line":19},"3":{"name":"(anonymous_3)","decl":{"start":{"line":20,"column":43},"end":{"line":20,"column":44}},"loc":{"start":{"line":20,"column":55},"end":{"line":20,"column":71}},"line":20},"4":{"name":"(anonymous_4)","decl":{"start":{"line":24,"column":22},"end":{"line":24,"column":23}},"loc":{"start":{"line":24,"column":42},"end":{"line":74,"column":1}},"line":24},"5":{"name":"(anonymous_5)","decl":{"start":{"line":61,"column":34},"end":{"line":61,"column":35}},"loc":{"start":{"line":61,"column":46},"end":{"line":69,"column":5}},"line":61}},"branchMap":{"0":{"loc":{"start":{"line":27,"column":2},"end":{"line":27,"column":67}},"type":"if","locations":[{"start":{"line":27,"column":2},"end":{"line":27,"column":67}},{"start":{},"end":{}}],"line":27},"1":{"loc":{"start":{"line":32,"column":2},"end":{"line":33,"column":76}},"type":"if","locations":[{"start":{"line":32,"column":2},"end":{"line":33,"column":76}},{"start":{},"end":{}}],"line":32},"2":{"loc":{"start":{"line":38,"column":2},"end":{"line":39,"column":73}},"type":"if","locations":[{"start":{"line":38,"column":2},"end":{"line":39,"column":73}},{"start":{},"end":{}}],"line":38},"3":{"loc":{"start":{"line":41,"column":2},"end":{"line":42,"column":57}},"type":"if","locations":[{"start":{"line":41,"column":2},"end":{"line":42,"column":57}},{"start":{},"end":{}}],"line":41}},"s":{"0":2,"1":2,"2":2,"3":2,"4":2,"5":2,"6":2,"7":2,"8":0,"9":0,"10":2,"11":0,"12":0,"13":2,"14":0,"15":0,"16":0,"17":0,"18":0,"19":0,"20":0,"21":0,"22":0,"23":0,"24":0,"25":0,"26":0,"27":0,"28":0,"29":0,"30":0,"31":0,"32":0,"33":0,"34":0,"35":2},"f":{"0":0,"1":0,"2":0,"3":0,"4":0,"5":0},"b":{"0":[0,0],"1":[0,0],"2":[0,0],"3":[0,0]},"_coverageSchema":"1a1c01bbd47fc00a2c39e90264f33305004495a9","hash":"7362506ebf173d8295c12b9975d75454f8d2d5bb"}
,"/Users/paul/Learning/Node/vidly-express/routers/users.js": {"path":"/Users/paul/Learning/Node/vidly-express/routers/users.js","statementMap":{"0":{"start":{"line":3,"column":16},"end":{"line":3,"column":34}},"1":{"start":{"line":4,"column":14},"end":{"line":4,"column":30}},"2":{"start":{"line":5,"column":17},"end":{"line":5,"column":36}},"3":{"start":{"line":6,"column":27},"end":{"line":6,"column":52}},"4":{"start":{"line":7,"column":10},"end":{"line":7,"column":27}},"5":{"start":{"line":8,"column":15},"end":{"line":8,"column":32}},"6":{"start":{"line":9,"column":12},"end":{"line":9,"column":35}},"7":{"start":{"line":10,"column":15},"end":{"line":10,"column":32}},"8":{"start":{"line":13,"column":0},"end":{"line":36,"column":3}},"9":{"start":{"line":15,"column":20},"end":{"line":15,"column":38}},"10":{"start":{"line":16,"column":2},"end":{"line":16,"column":67}},"11":{"start":{"line":16,"column":13},"end":{"line":16,"column":67}},"12":{"start":{"line":19,"column":13},"end":{"line":19,"column":58}},"13":{"start":{"line":20,"column":2},"end":{"line":20,"column":68}},"14":{"start":{"line":20,"column":12},"end":{"line":20,"column":68}},"15":{"start":{"line":22,"column":2},"end":{"line":26,"column":5}},"16":{"start":{"line":29,"column":15},"end":{"line":29,"column":39}},"17":{"start":{"line":30,"column":17},"end":{"line":30,"column":55}},"18":{"start":{"line":31,"column":2},"end":{"line":31,"column":25}},"19":{"start":{"line":33,"column":2},"end":{"line":33,"column":20}},"20":{"start":{"line":34,"column":16},"end":{"line":34,"column":40}},"21":{"start":{"line":35,"column":2},"end":{"line":35,"column":80}},"22":{"start":{"line":38,"column":0},"end":{"line":38,"column":23}}},"fnMap":{"0":{"name":"(anonymous_0)","decl":{"start":{"line":13,"column":16},"end":{"line":13,"column":17}},"loc":{"start":{"line":13,"column":36},"end":{"line":36,"column":1}},"line":13}},"branchMap":{"0":{"loc":{"start":{"line":16,"column":2},"end":{"line":16,"column":67}},"type":"if","locations":[{"start":{"line":16,"column":2},"end":{"line":16,"column":67}},{"start":{},"end":{}}],"line":16},"1":{"loc":{"start":{"line":20,"column":2},"end":{"line":20,"column":68}},"type":"if","locations":[{"start":{"line":20,"column":2},"end":{"line":20,"column":68}},{"start":{},"end":{}}],"line":20}},"s":{"0":2,"1":2,"2":2,"3":2,"4":2,"5":2,"6":2,"7":2,"8":2,"9":0,"10":0,"11":0,"12":0,"13":0,"14":0,"15":0,"16":0,"17":0,"18":0,"19":0,"20":0,"21":0,"22":2},"f":{"0":0},"b":{"0":[0,0],"1":[0,0]},"_coverageSchema":"1a1c01bbd47fc00a2c39e90264f33305004495a9","hash":"982b8dd7a04eb2679774b1136eae61cec5db5d8d"}
,"/Users/paul/Learning/Node/vidly-express/startups/config.js": {"path":"/Users/paul/Learning/Node/vidly-express/startups/config.js","statementMap":{"0":{"start":{"line":3,"column":15},"end":{"line":3,"column":32}},"1":{"start":{"line":4,"column":15},"end":{"line":4,"column":47}},"2":{"start":{"line":9,"column":0},"end":{"line":14,"column":2}},"3":{"start":{"line":10,"column":2},"end":{"line":13,"column":3}},"4":{"start":{"line":11,"column":4},"end":{"line":11,"column":63}},"5":{"start":{"line":12,"column":4},"end":{"line":12,"column":20}}},"fnMap":{"0":{"name":"(anonymous_0)","decl":{"start":{"line":9,"column":17},"end":{"line":9,"column":18}},"loc":{"start":{"line":9,"column":23},"end":{"line":14,"column":1}},"line":9}},"branchMap":{"0":{"loc":{"start":{"line":10,"column":2},"end":{"line":13,"column":3}},"type":"if","locations":[{"start":{"line":10,"column":2},"end":{"line":13,"column":3}},{"start":{},"end":{}}],"line":10}},"s":{"0":2,"1":2,"2":2,"3":2,"4":0,"5":0},"f":{"0":2},"b":{"0":[0,2]},"_coverageSchema":"1a1c01bbd47fc00a2c39e90264f33305004495a9","hash":"efb354953b92ce62ae24f776124021067b3f1ab1"}
,"/Users/paul/Learning/Node/vidly-express/startups/db.js": {"path":"/Users/paul/Learning/Node/vidly-express/startups/db.js","statementMap":{"0":{"start":{"line":3,"column":17},"end":{"line":3,"column":36}},"1":{"start":{"line":4,"column":15},"end":{"line":4,"column":47}},"2":{"start":{"line":5,"column":15},"end":{"line":5,"column":32}},"3":{"start":{"line":7,"column":0},"end":{"line":16,"column":2}},"4":{"start":{"line":8,"column":13},"end":{"line":8,"column":29}},"5":{"start":{"line":9,"column":2},"end":{"line":9,"column":36}},"6":{"start":{"line":10,"column":2},"end":{"line":15,"column":6}},"7":{"start":{"line":12,"column":16},"end":{"line":12,"column":64}},"8":{"start":{"line":14,"column":6},"end":{"line":14,"column":66}}},"fnMap":{"0":{"name":"(anonymous_0)","decl":{"start":{"line":7,"column":17},"end":{"line":7,"column":18}},"loc":{"start":{"line":7,"column":29},"end":{"line":16,"column":1}},"line":7},"1":{"name":"(anonymous_1)","decl":{"start":{"line":12,"column":10},"end":{"line":12,"column":11}},"loc":{"start":{"line":12,"column":16},"end":{"line":12,"column":64}},"line":12},"2":{"name":"(anonymous_2)","decl":{"start":{"line":13,"column":11},"end":{"line":13,"column":12}},"loc":{"start":{"line":14,"column":6},"end":{"line":14,"column":66}},"line":14}},"branchMap":{},"s":{"0":2,"1":2,"2":2,"3":2,"4":2,"5":2,"6":2,"7":2,"8":0},"f":{"0":2,"1":2,"2":0},"b":{},"_coverageSchema":"1a1c01bbd47fc00a2c39e90264f33305004495a9","hash":"769acae018b31f53a097c2cba856f55cd57891df"}
,"/Users/paul/Learning/Node/vidly-express/startups/joi.js": {"path":"/Users/paul/Learning/Node/vidly-express/startups/joi.js","statementMap":{"0":{"start":{"line":3,"column":12},"end":{"line":3,"column":26}},"1":{"start":{"line":5,"column":0},"end":{"line":7,"column":2}},"2":{"start":{"line":6,"column":2},"end":{"line":6,"column":46}}},"fnMap":{"0":{"name":"(anonymous_0)","decl":{"start":{"line":5,"column":17},"end":{"line":5,"column":18}},"loc":{"start":{"line":5,"column":23},"end":{"line":7,"column":1}},"line":5}},"branchMap":{},"s":{"0":2,"1":2,"2":2},"f":{"0":2},"b":{},"_coverageSchema":"1a1c01bbd47fc00a2c39e90264f33305004495a9","hash":"26458040469284e4b2577b9fa179256fef3e5d14"}
,"/Users/paul/Learning/Node/vidly-express/startups/routes.js": {"path":"/Users/paul/Learning/Node/vidly-express/startups/routes.js","statementMap":{"0":{"start":{"line":3,"column":16},"end":{"line":3,"column":34}},"1":{"start":{"line":4,"column":15},"end":{"line":4,"column":43}},"2":{"start":{"line":5,"column":18},"end":{"line":5,"column":49}},"3":{"start":{"line":6,"column":15},"end":{"line":6,"column":43}},"4":{"start":{"line":7,"column":16},"end":{"line":7,"column":45}},"5":{"start":{"line":8,"column":14},"end":{"line":8,"column":41}},"6":{"start":{"line":9,"column":13},"end":{"line":9,"column":39}},"7":{"start":{"line":10,"column":14},"end":{"line":10,"column":44}},"8":{"start":{"line":12,"column":0},"end":{"line":25,"column":2}},"9":{"start":{"line":14,"column":2},"end":{"line":14,"column":26}},"10":{"start":{"line":16,"column":2},"end":{"line":16,"column":33}},"11":{"start":{"line":17,"column":2},"end":{"line":17,"column":39}},"12":{"start":{"line":18,"column":2},"end":{"line":18,"column":33}},"13":{"start":{"line":19,"column":2},"end":{"line":19,"column":35}},"14":{"start":{"line":20,"column":2},"end":{"line":20,"column":31}},"15":{"start":{"line":21,"column":2},"end":{"line":21,"column":29}},"16":{"start":{"line":24,"column":2},"end":{"line":24,"column":17}}},"fnMap":{"0":{"name":"(anonymous_0)","decl":{"start":{"line":12,"column":17},"end":{"line":12,"column":18}},"loc":{"start":{"line":12,"column":32},"end":{"line":25,"column":1}},"line":12}},"branchMap":{},"s":{"0":2,"1":2,"2":2,"3":2,"4":2,"5":2,"6":2,"7":2,"8":2,"9":2,"10":2,"11":2,"12":2,"13":2,"14":2,"15":2,"16":2},"f":{"0":2},"b":{},"_coverageSchema":"1a1c01bbd47fc00a2c39e90264f33305004495a9","hash":"4f22a84a8baa38337497f7e150cb92141b150703"}
}
