TN:
SF:app.js
FN:16,(anonymous_0)
FNF:1
FNH:1
FNDA:2,(anonymous_0)
DA:5,2
DA:6,2
DA:8,2
DA:9,2
DA:10,2
DA:11,2
DA:12,2
DA:15,2
DA:16,2
DA:18,2
LF:10
LH:10
BRDA:15,0,0,2
BRDA:15,0,1,2
BRF:2
BRH:2
end_of_record
TN:
SF:middleware/admin.js
FN:3,(anonymous_0)
FNF:1
FNH:1
FNDA:7,(anonymous_0)
DA:3,2
DA:6,7
DA:8,5
LF:3
LH:3
BRDA:6,0,0,2
BRDA:6,0,1,5
BRF:2
BRH:2
end_of_record
TN:
SF:middleware/auth.js
FN:6,(anonymous_0)
FNF:1
FNH:1
FNDA:17,(anonymous_0)
DA:3,3
DA:4,3
DA:6,3
DA:7,17
DA:8,17
DA:10,13
DA:11,13
DA:12,12
DA:13,12
DA:15,1
LF:10
LH:10
BRDA:8,0,0,4
BRDA:8,0,1,13
BRF:2
BRH:2
end_of_record
TN:
SF:middleware/error.js
FN:5,(anonymous_0)
FNF:1
FNH:0
FNDA:0,(anonymous_0)
DA:3,2
DA:5,2
DA:7,0
DA:11,0
LF:4
LH:2
BRF:0
BRH:0
end_of_record
TN:
SF:middleware/validateObjectId.js
FN:4,(anonymous_0)
FNF:1
FNH:1
FNDA:7,(anonymous_0)
DA:2,2
DA:4,2
DA:6,7
DA:7,7
DA:9,6
LF:5
LH:5
BRDA:7,0,0,1
BRDA:7,0,1,6
BRF:2
BRH:2
end_of_record
TN:
SF:middleware/winston.js
FNF:0
FNH:0
DA:3,2
DA:4,2
DA:6,2
DA:16,2
DA:22,2
DA:27,2
LF:6
LH:6
BRF:0
BRH:0
end_of_record
TN:
SF:models/customer.js
FN:29,validateCustomers
FNF:1
FNH:0
FNDA:0,validateCustomers
DA:3,2
DA:4,2
DA:6,2
DA:30,0
DA:36,0
DA:39,2
DA:40,2
LF:7
LH:5
BRF:0
BRH:0
end_of_record
TN:
SF:models/genre.js
FN:18,validateGenres
FNF:1
FNH:1
FNDA:7,validateGenres
DA:3,2
DA:4,2
DA:6,2
DA:15,2
DA:19,7
DA:23,7
DA:26,2
DA:27,2
DA:28,2
LF:9
LH:9
BRF:0
BRH:0
end_of_record
TN:
SF:models/movie.js
FN:40,validateMovies
FN:51,validateUpdatedMovies
FNF:2
FNH:0
FNDA:0,validateMovies
FNDA:0,validateUpdatedMovies
DA:3,2
DA:4,2
DA:6,2
DA:8,2
DA:41,0
DA:48,0
DA:52,0
DA:58,0
DA:61,2
DA:62,2
DA:63,2
LF:11
LH:7
BRF:0
BRH:0
end_of_record
TN:
SF:models/rental.js
FN:64,validateRentals
FNF:1
FNH:0
FNDA:0,validateRentals
DA:3,2
DA:4,2
DA:6,2
DA:65,0
DA:70,0
DA:73,2
DA:74,2
LF:7
LH:5
BRF:0
BRH:0
end_of_record
TN:
SF:models/user.js
FN:34,(anonymous_0)
FN:43,validateUsers
FNF:2
FNH:1
FNDA:13,(anonymous_0)
FNDA:0,validateUsers
DA:3,4
DA:4,4
DA:5,4
DA:6,4
DA:8,4
DA:34,4
DA:36,13
DA:37,13
DA:40,4
DA:44,0
DA:50,0
DA:53,4
DA:54,4
LF:13
LH:11
BRF:0
BRH:0
end_of_record
TN:
SF:routers/auth.js
FN:13,(anonymous_0)
FN:32,validate
FNF:2
FNH:0
FNDA:0,(anonymous_0)
FNDA:0,validate
DA:3,2
DA:4,2
DA:5,2
DA:6,2
DA:7,2
DA:8,2
DA:9,2
DA:10,2
DA:13,2
DA:15,0
DA:16,0
DA:19,0
DA:20,0
DA:21,0
DA:24,0
DA:25,0
DA:28,0
DA:29,0
DA:33,0
DA:38,0
DA:41,2
LF:21
LH:10
BRDA:16,0,0,0
BRDA:16,0,1,0
BRDA:20,1,0,0
BRDA:20,1,1,0
BRDA:25,2,0,0
BRDA:25,2,1,0
BRF:6
BRH:0
end_of_record
TN:
SF:routers/customers.js
FN:12,(anonymous_0)
FN:15,(anonymous_1)
FN:19,(anonymous_2)
FN:20,(anonymous_3)
FN:24,(anonymous_4)
FN:35,(anonymous_5)
FN:39,(anonymous_6)
FN:65,(anonymous_7)
FNF:8
FNH:0
FNDA:0,(anonymous_0)
FNDA:0,(anonymous_1)
FNDA:0,(anonymous_2)
FNDA:0,(anonymous_3)
FNDA:0,(anonymous_4)
FNDA:0,(anonymous_5)
FNDA:0,(anonymous_6)
FNDA:0,(anonymous_7)
DA:3,2
DA:4,2
DA:5,2
DA:6,2
DA:7,2
DA:8,2
DA:12,2
DA:13,0
DA:15,0
DA:19,2
DA:20,0
DA:24,2
DA:26,0
DA:27,0
DA:29,0
DA:35,0
DA:39,2
DA:41,0
DA:42,0
DA:48,0
DA:50,0
DA:53,0
DA:59,0
DA:61,0
DA:65,2
DA:67,0
DA:68,0
DA:71,0
DA:74,0
DA:75,0
DA:77,0
DA:82,2
LF:32
LH:12
BRDA:27,0,0,0
BRDA:27,0,1,0
BRDA:42,1,0,0
BRDA:42,1,1,0
BRDA:50,2,0,0
BRDA:50,2,1,0
BRDA:54,3,0,0
BRDA:54,3,1,0
BRDA:55,4,0,0
BRDA:55,4,1,0
BRDA:56,5,0,0
BRDA:56,5,1,0
BRDA:68,6,0,0
BRDA:68,6,1,0
BRDA:74,7,0,0
BRDA:74,7,1,0
BRF:16
BRH:0
end_of_record
TN:
SF:routers/genres.js
FN:12,(anonymous_0)
FN:15,(anonymous_1)
FN:19,(anonymous_2)
FN:20,(anonymous_3)
FN:24,(anonymous_4)
FN:33,(anonymous_5)
FN:37,(anonymous_6)
FN:57,(anonymous_7)
FNF:8
FNH:8
FNDA:1,(anonymous_0)
FNDA:1,(anonymous_1)
FNDA:1,(anonymous_2)
FNDA:1,(anonymous_3)
FNDA:4,(anonymous_4)
FNDA:2,(anonymous_5)
FNDA:3,(anonymous_6)
FNDA:2,(anonymous_7)
DA:3,2
DA:4,2
DA:5,2
DA:6,2
DA:7,2
DA:8,2
DA:9,2
DA:12,2
DA:13,1
DA:15,1
DA:19,2
DA:20,1
DA:24,2
DA:26,4
DA:27,4
DA:29,2
DA:33,2
DA:37,2
DA:39,3
DA:40,3
DA:43,2
DA:51,2
DA:53,1
DA:57,2
DA:59,2
DA:62,2
DA:63,1
DA:65,1
DA:68,2
LF:29
LH:29
BRDA:27,0,0,2
BRDA:27,0,1,2
BRDA:40,1,0,1
BRDA:40,1,1,2
BRDA:51,2,0,1
BRDA:51,2,1,1
BRDA:62,3,0,1
BRDA:62,3,1,1
BRF:8
BRH:8
end_of_record
TN:
SF:routers/movies.js
FN:12,(anonymous_0)
FN:15,(anonymous_1)
FN:19,(anonymous_2)
FN:20,(anonymous_3)
FN:24,(anonymous_4)
FN:40,(anonymous_5)
FN:44,(anonymous_6)
FN:86,(anonymous_7)
FNF:8
FNH:0
FNDA:0,(anonymous_0)
FNDA:0,(anonymous_1)
FNDA:0,(anonymous_2)
FNDA:0,(anonymous_3)
FNDA:0,(anonymous_4)
FNDA:0,(anonymous_5)
FNDA:0,(anonymous_6)
FNDA:0,(anonymous_7)
DA:3,2
DA:4,2
DA:5,2
DA:6,2
DA:7,2
DA:8,2
DA:9,2
DA:12,2
DA:13,0
DA:15,0
DA:19,2
DA:20,0
DA:24,2
DA:26,0
DA:27,0
DA:30,0
DA:31,0
DA:33,0
DA:40,0
DA:44,2
DA:46,0
DA:47,0
DA:50,0
DA:51,0
DA:54,0
DA:55,0
DA:59,0
DA:61,0
DA:62,0
DA:64,0
DA:70,0
DA:80,0
DA:82,0
DA:86,2
DA:88,0
DA:89,0
DA:92,0
DA:95,0
DA:96,0
DA:98,0
DA:101,2
LF:41
LH:13
BRDA:27,0,0,0
BRDA:27,0,1,0
BRDA:31,1,0,0
BRDA:31,1,1,0
BRDA:47,2,0,0
BRDA:47,2,1,0
BRDA:51,3,0,0
BRDA:51,3,1,0
BRDA:55,4,0,0
BRDA:55,4,1,0
BRDA:59,5,0,0
BRDA:59,5,1,0
BRDA:59,6,0,0
BRDA:59,6,1,0
BRDA:62,7,0,0
BRDA:62,7,1,0
BRDA:71,8,0,0
BRDA:71,8,1,0
BRDA:72,9,0,0
BRDA:72,9,1,0
BRDA:75,10,0,0
BRDA:75,10,1,0
BRDA:89,11,0,0
BRDA:89,11,1,0
BRDA:95,12,0,0
BRDA:95,12,1,0
BRF:26
BRH:0
end_of_record
TN:
SF:routers/rentals.js
FN:12,(anonymous_0)
FN:15,(anonymous_1)
FN:19,(anonymous_2)
FN:20,(anonymous_3)
FN:24,(anonymous_4)
FN:61,(anonymous_5)
FNF:6
FNH:0
FNDA:0,(anonymous_0)
FNDA:0,(anonymous_1)
FNDA:0,(anonymous_2)
FNDA:0,(anonymous_3)
FNDA:0,(anonymous_4)
FNDA:0,(anonymous_5)
DA:3,2
DA:4,2
DA:5,2
DA:6,2
DA:7,2
DA:8,2
DA:9,2
DA:12,2
DA:13,0
DA:15,0
DA:19,2
DA:20,0
DA:24,2
DA:26,0
DA:27,0
DA:30,0
DA:32,0
DA:33,0
DA:36,0
DA:38,0
DA:39,0
DA:41,0
DA:42,0
DA:45,0
DA:59,0
DA:60,0
DA:61,0
DA:62,0
DA:65,0
DA:66,0
DA:68,0
DA:70,0
DA:72,0
DA:77,2
LF:34
LH:11
BRDA:27,0,0,0
BRDA:27,0,1,0
BRDA:32,1,0,0
BRDA:32,1,1,0
BRDA:38,2,0,0
BRDA:38,2,1,0
BRDA:41,3,0,0
BRDA:41,3,1,0
BRF:8
BRH:0
end_of_record
TN:
SF:routers/users.js
FN:13,(anonymous_0)
FNF:1
FNH:0
FNDA:0,(anonymous_0)
DA:3,2
DA:4,2
DA:5,2
DA:6,2
DA:7,2
DA:8,2
DA:9,2
DA:10,2
DA:13,2
DA:15,0
DA:16,0
DA:19,0
DA:20,0
DA:22,0
DA:29,0
DA:30,0
DA:31,0
DA:33,0
DA:34,0
DA:35,0
DA:38,2
LF:21
LH:10
BRDA:16,0,0,0
BRDA:16,0,1,0
BRDA:20,1,0,0
BRDA:20,1,1,0
BRF:4
BRH:0
end_of_record
TN:
SF:startups/config.js
FN:9,(anonymous_0)
FNF:1
FNH:1
FNDA:2,(anonymous_0)
DA:3,2
DA:4,2
DA:9,2
DA:10,2
DA:11,0
DA:12,0
LF:6
LH:4
BRDA:10,0,0,0
BRDA:10,0,1,2
BRF:2
BRH:1
end_of_record
TN:
SF:startups/db.js
FN:7,(anonymous_0)
FN:12,(anonymous_1)
FN:13,(anonymous_2)
FNF:3
FNH:2
FNDA:2,(anonymous_0)
FNDA:2,(anonymous_1)
FNDA:0,(anonymous_2)
DA:3,2
DA:4,2
DA:5,2
DA:7,2
DA:8,2
DA:9,2
DA:10,2
DA:12,2
DA:14,0
LF:9
LH:8
BRF:0
BRH:0
end_of_record
TN:
SF:startups/joi.js
FN:5,(anonymous_0)
FNF:1
FNH:1
FNDA:2,(anonymous_0)
DA:3,2
DA:5,2
DA:6,2
LF:3
LH:3
BRF:0
BRH:0
end_of_record
TN:
SF:startups/routes.js
FN:12,(anonymous_0)
FNF:1
FNH:1
FNDA:2,(anonymous_0)
DA:3,2
DA:4,2
DA:5,2
DA:6,2
DA:7,2
DA:8,2
DA:9,2
DA:10,2
DA:12,2
DA:14,2
DA:16,2
DA:17,2
DA:18,2
DA:19,2
DA:20,2
DA:21,2
DA:24,2
LF:17
LH:17
BRF:0
BRH:0
end_of_record
